Arguments: 
  /snap/node/7581/bin/node /snap/node/7581/bin/yarn.js add socket.io]

PATH: 
  /usr/local/sbin:/usr/local/bin:/usr/sbin:/usr/bin:/sbin:/bin:/usr/games:/usr/local/games:/snap/bin:/snap/bin:/opt/mssql-tools/bin:/opt/mssql-tools/bin:/opt/mssql-tools/bin

Yarn version: 
  1.22.19

Node version: 
  16.20.1

Platform: 
  linux x64

Trace: 
  Error: https://registry.yarnpkg.com/socket.io]: Not found
      at Request.params.callback [as _callback] (/snap/node/7581/lib/cli.js:66145:18)
      at Request.self.callback (/snap/node/7581/lib/cli.js:140890:22)
      at Request.emit (node:events:513:28)
      at Request.<anonymous> (/snap/node/7581/lib/cli.js:141862:10)
      at Request.emit (node:events:513:28)
      at IncomingMessage.<anonymous> (/snap/node/7581/lib/cli.js:141784:12)
      at Object.onceWrapper (node:events:627:28)
      at IncomingMessage.emit (node:events:525:35)
      at endReadableNT (node:internal/streams/readable:1358:12)
      at processTicksAndRejections (node:internal/process/task_queues:83:21)

npm manifest: 
  {
    "name": "sprint4",
    "version": "1.0.0",
    "main": "index.js",
    "license": "MIT",
    "scripts": {
      "dev": "ts-node-dev src/server.ts",
      "typeorm": "ts-node-dev node_modules/typeorm/cli.js"
    },
    "dependencies": {
      "ejs": "^3.1.9",
      "express": "^4.18.2",
      "reflect-metadata": "^0.1.13",
      "socket.io": "^4.7.2",
      "socket.io-client": "^4.7.2",
      "sqlite3": "^5.1.6",
      "typeorm": "^0.2.41",
      "uuid": "^9.0.1"
    },
    "devDependencies": {
      "@types/express": "^4.17.20",
      "@types/node": "^20.8.10",
      "@types/socket.io": "^3.0.2",
      "@types/uuid": "^9.0.6",
      "typescript": "^5.2.2"
    }
  }

yarn manifest: 
  No manifest

Lockfile: 
  No lockfile
